2022-02-25 15:45:13.3593 INFO Application started
2022-02-25 15:45:13.4147 INFO User profile is available. Using 'C:\Users\dougl\AppData\Local\ASP.NET\DataProtection-Keys' as key repository and Windows DPAPI to encrypt keys at rest.
2022-02-25 15:45:21.0425 INFO Request starting HTTP/1.1 GET http://localhost:9000/ - -
2022-02-25 15:45:21.0585 INFO Pangul was not authenticated. Failure message: Unprotect ticket failed
2022-02-25 15:45:21.0790 INFO Executing endpoint 'Pangul.Backend.Web.Controllers.Frontend.FrontendController.Index (Pangul.Backend.Web)'
2022-02-25 15:45:21.0790 INFO Route matched with {action = "Index", controller = "Frontend"}. Executing controller action with signature Microsoft.AspNetCore.Mvc.IActionResult Index() on controller Pangul.Backend.Web.Controllers.Frontend.FrontendController (Pangul.Backend.Web).
2022-02-25 15:45:21.0866 INFO Executing action method Pangul.Backend.Web.Controllers.Frontend.FrontendController.Index (Pangul.Backend.Web) - Validation state: Valid
2022-02-25 15:45:21.0866 INFO Executed action method Pangul.Backend.Web.Controllers.Frontend.FrontendController.Index (Pangul.Backend.Web), returned result Microsoft.AspNetCore.Mvc.ContentResult in 0.8057ms.
2022-02-25 15:45:21.0866 INFO Executing ContentResult with HTTP Response ContentType of text/html
2022-02-25 15:45:21.0866 INFO Executed action Pangul.Backend.Web.Controllers.Frontend.FrontendController.Index (Pangul.Backend.Web) in 9.635ms
2022-02-25 15:45:21.0866 INFO Executed endpoint 'Pangul.Backend.Web.Controllers.Frontend.FrontendController.Index (Pangul.Backend.Web)'
2022-02-25 15:45:21.1014 INFO Request finished HTTP/1.1 GET http://localhost:9000/ - - - 200 696 text/html 59.1553ms
2022-02-25 15:45:21.1264 INFO Request starting HTTP/1.1 GET http://localhost:9000/static/css/main.c34ed15f.css - -
2022-02-25 15:45:21.1264 INFO Pangul was not authenticated. Failure message: Unprotect ticket failed
2022-02-25 15:45:21.1264 INFO Request starting HTTP/1.1 GET http://localhost:9000/static/js/main.53f0bd1f.js - -
2022-02-25 15:45:21.1264 INFO Pangul was not authenticated. Failure message: Unprotect ticket failed
2022-02-25 15:45:21.1264 INFO path: /static/css/main.c34ed15f.css
2022-02-25 15:45:21.1264 INFO path: /static/js/main.53f0bd1f.js
2022-02-25 15:45:21.1518 INFO Static file from SPA middleware: /static/css/main.c34ed15f.css -> main.c34ed15f.css: text/css: 11997 bytes
2022-02-25 15:45:21.1518 INFO Request finished HTTP/1.1 GET http://localhost:9000/static/css/main.c34ed15f.css - - - 200 - text/css 26.1332ms
2022-02-25 15:45:21.1798 INFO Static file from SPA middleware: /static/js/main.53f0bd1f.js -> main.53f0bd1f.js: application/javascript: 576728 bytes
2022-02-25 15:45:21.1798 INFO Request finished HTTP/1.1 GET http://localhost:9000/static/js/main.53f0bd1f.js - - - 200 - application/javascript 53.6910ms
2022-02-25 15:45:21.5979 INFO Request starting HTTP/1.1 GET http://localhost:9000/config.json - -
2022-02-25 15:45:21.5979 INFO Pangul was not authenticated. Failure message: Unprotect ticket failed
2022-02-25 15:45:21.5979 INFO path: /config.json
2022-02-25 15:45:21.6118 INFO Static file from SPA middleware: /config.json -> config.json: application/json: 202 bytes
2022-02-25 15:45:21.6118 INFO Request finished HTTP/1.1 GET http://localhost:9000/config.json - - - 200 - application/json 15.0625ms
2022-02-25 15:45:21.6239 INFO Request starting HTTP/1.1 POST http://localhost:9000/api/auth/claims application/json 4
2022-02-25 15:45:21.6239 INFO Pangul was not authenticated. Failure message: Unprotect ticket failed
2022-02-25 15:45:21.6239 INFO Authorization failed. These requirements were not met:
DenyAnonymousAuthorizationRequirement: Requires an authenticated user.
2022-02-25 15:45:21.6239 INFO AuthenticationScheme: Pangul was challenged.
2022-02-25 15:45:21.6239 INFO Request finished HTTP/1.1 POST http://localhost:9000/api/auth/claims application/json 4 - 403 0 - 6.5425ms
2022-02-25 15:45:21.7369 INFO Request starting HTTP/1.1 GET http://localhost:9000/favicon-96x96.png - -
2022-02-25 15:45:21.7369 INFO Request starting HTTP/1.1 GET http://localhost:9000/favicon-16x16.png - -
2022-02-25 15:45:21.7369 INFO Pangul was not authenticated. Failure message: Unprotect ticket failed
2022-02-25 15:45:21.7369 INFO Pangul was not authenticated. Failure message: Unprotect ticket failed
2022-02-25 15:45:21.7369 INFO path: /favicon-96x96.png
2022-02-25 15:45:21.7369 INFO path: /favicon-16x16.png
2022-02-25 15:45:21.7369 INFO Static file from SPA middleware: /favicon-16x16.png -> favicon-16x16.png: image/png: 2201 bytes
2022-02-25 15:45:21.7369 INFO Static file from SPA middleware: /favicon-96x96.png -> favicon-96x96.png: image/png: 6655 bytes
2022-02-25 15:45:21.7369 INFO Request finished HTTP/1.1 GET http://localhost:9000/favicon-16x16.png - - - 200 - image/png 3.4606ms
2022-02-25 15:45:21.7369 INFO Request finished HTTP/1.1 GET http://localhost:9000/favicon-96x96.png - - - 200 - image/png 4.3819ms
2022-02-25 15:45:21.9101 INFO Request starting HTTP/1.1 GET http://localhost:9000/service-worker.js - -
2022-02-25 15:45:21.9101 INFO Pangul was not authenticated. Failure message: Unprotect ticket failed
2022-02-25 15:45:21.9101 INFO path: /service-worker.js
2022-02-25 15:45:21.9101 INFO Static file from SPA middleware: /service-worker.js -> index.html: text/html: 696 bytes
2022-02-25 15:45:21.9101 INFO Request finished HTTP/1.1 GET http://localhost:9000/service-worker.js - - - 200 - text/html 2.2028ms
2022-02-25 15:45:24.5599 INFO Request starting HTTP/1.1 POST http://localhost:9000/api/auth/login application/json 37
2022-02-25 15:45:24.5599 INFO Pangul was not authenticated. Failure message: Unprotect ticket failed
2022-02-25 15:45:24.5599 INFO CORS policy execution successful.
2022-02-25 15:45:24.5599 INFO Executing endpoint 'Pangul.Backend.Web.Controllers.Auth.AuthController.Login (Pangul.Backend.Web)'
2022-02-25 15:45:24.5783 INFO Route matched with {action = "Login", controller = "Auth"}. Executing controller action with signature System.Threading.Tasks.Task`1[Microsoft.AspNetCore.Mvc.IActionResult] Login(Pangul.Backend.Web.Controllers.Auth.ViewModels.LoginViewModel) on controller Pangul.Backend.Web.Controllers.Auth.AuthController (Pangul.Backend.Web).
2022-02-25 15:45:24.6751 INFO Executing action method Pangul.Backend.Web.Controllers.Auth.AuthController.Login (Pangul.Backend.Web) - Validation state: Valid
2022-02-25 15:45:26.0151 INFO AuthenticationScheme: Pangul signed in.
2022-02-25 15:45:26.0151 INFO Executed action method Pangul.Backend.Web.Controllers.Auth.AuthController.Login (Pangul.Backend.Web), returned result Microsoft.AspNetCore.Mvc.JsonResult in 1340.4413ms.
2022-02-25 15:45:26.0151 INFO Executing JsonResult, writing value of type 'Pangul.Backend.Web.Infrastructure.Conventions.StandardResponse'.
2022-02-25 15:45:26.0465 INFO Executed action Pangul.Backend.Web.Controllers.Auth.AuthController.Login (Pangul.Backend.Web) in 1467.8482ms
2022-02-25 15:45:26.0465 INFO Executed endpoint 'Pangul.Backend.Web.Controllers.Auth.AuthController.Login (Pangul.Backend.Web)'
2022-02-25 15:45:26.0465 INFO Request finished HTTP/1.1 POST http://localhost:9000/api/auth/login application/json 37 - 200 - application/json;+charset=utf-8 1487.0971ms
2022-02-25 15:45:26.0465 INFO Request starting HTTP/1.1 POST http://localhost:9000/api/auth/claims application/json 4
2022-02-25 15:45:26.0465 INFO CORS policy execution successful.
2022-02-25 15:45:26.0465 INFO Executing endpoint 'Pangul.Backend.Web.Controllers.Auth.AuthController.Claims (Pangul.Backend.Web)'
2022-02-25 15:45:26.0465 INFO Route matched with {action = "Claims", controller = "Auth"}. Executing controller action with signature Microsoft.AspNetCore.Mvc.IActionResult Claims() on controller Pangul.Backend.Web.Controllers.Auth.AuthController (Pangul.Backend.Web).
2022-02-25 15:45:26.0465 INFO Executing action method Pangul.Backend.Web.Controllers.Auth.AuthController.Claims (Pangul.Backend.Web) - Validation state: Valid
2022-02-25 15:45:26.0546 INFO Executed action method Pangul.Backend.Web.Controllers.Auth.AuthController.Claims (Pangul.Backend.Web), returned result Microsoft.AspNetCore.Mvc.JsonResult in 0.8243ms.
2022-02-25 15:45:26.0546 INFO Executing JsonResult, writing value of type 'Pangul.Backend.Web.Infrastructure.Conventions.StandardResponse`1[[<>f__AnonymousType3`3[[System.String, System.Private.CoreLib, Version=6.0.0.0, Culture=neutral, PublicKeyToken=7cec85d7bea7798e],[System.Boolean, System.Private.CoreLib, Version=6.0.0.0, Culture=neutral, PublicKeyToken=7cec85d7bea7798e],[System.String[], System.Private.CoreLib, Version=6.0.0.0, Culture=neutral, PublicKeyToken=7cec85d7bea7798e]], Pangul.Backend.Web, Version=1.0.0.0, Culture=neutral, PublicKeyToken=null]]'.
2022-02-25 15:45:26.0546 INFO Executed action Pangul.Backend.Web.Controllers.Auth.AuthController.Claims (Pangul.Backend.Web) in 11.2066ms
2022-02-25 15:45:26.0546 INFO Executed endpoint 'Pangul.Backend.Web.Controllers.Auth.AuthController.Claims (Pangul.Backend.Web)'
2022-02-25 15:45:26.0546 INFO Request finished HTTP/1.1 POST http://localhost:9000/api/auth/claims application/json 4 - 200 - application/json;+charset=utf-8 15.1408ms
2022-02-25 15:45:26.0853 INFO Request starting HTTP/1.1 POST http://localhost:9000/api/topics/search application/json 35
2022-02-25 15:45:26.0853 INFO CORS policy execution successful.
2022-02-25 15:45:26.0853 INFO Executing endpoint 'Pangul.Backend.Web.Controllers.Topics.TopicsController.Search (Pangul.Backend.Web)'
2022-02-25 15:45:26.0853 INFO Route matched with {action = "Search", controller = "Topics"}. Executing controller action with signature System.Threading.Tasks.Task`1[Microsoft.AspNetCore.Mvc.IActionResult] Search(Pangul.Backend.Web.Controllers.Topics.ViewModels.TopicSearchViewModel) on controller Pangul.Backend.Web.Controllers.Topics.TopicsController (Pangul.Backend.Web).
2022-02-25 15:45:26.1350 INFO Executing action method Pangul.Backend.Web.Controllers.Topics.TopicsController.Search (Pangul.Backend.Web) - Validation state: Valid
2022-02-25 15:45:26.2107 INFO Executed action method Pangul.Backend.Web.Controllers.Topics.TopicsController.Search (Pangul.Backend.Web), returned result Microsoft.AspNetCore.Mvc.JsonResult in 75.4461ms.
2022-02-25 15:45:26.2107 INFO Executing JsonResult, writing value of type 'Pangul.Backend.Web.Infrastructure.Conventions.StandardResponse`1[[Pangul.Services.Infrastructure.Search.SearchResult, Pangul.Services.Infrastructure, Version=1.0.0.0, Culture=neutral, PublicKeyToken=null]]'.
2022-02-25 15:45:26.2107 INFO Executed action Pangul.Backend.Web.Controllers.Topics.TopicsController.Search (Pangul.Backend.Web) in 124.5312ms
2022-02-25 15:45:26.2107 INFO Executed endpoint 'Pangul.Backend.Web.Controllers.Topics.TopicsController.Search (Pangul.Backend.Web)'
2022-02-25 15:45:26.2107 INFO Request finished HTTP/1.1 POST http://localhost:9000/api/topics/search application/json 35 - 200 - application/json;+charset=utf-8 129.3415ms
